# JRE version: OpenJDK Runtime Environment (8.0_242-b01) (build 1.8.0_242-release-1644-b01)
# Java VM: OpenJDK 64-Bit Server VM (25.242-b01 mixed mode windows-amd64 compressed oops)
Heap:
 PSYoungGen      total 654848K, used 105519K [0x00000000d5580000, 0x00000000ffa80000, 0x0000000100000000)
  eden space 614400K, 14% used [0x00000000d5580000,0x00000000dace1c10,0x00000000fad80000)
  from space 40448K, 39% used [0x00000000fd300000,0x00000000fe2aa070,0x00000000ffa80000)
  to   space 38400K, 0% used [0x00000000fad80000,0x00000000fad80000,0x00000000fd300000)
 ParOldGen       total 216064K, used 82270K [0x0000000080000000, 0x000000008d300000, 0x00000000d5580000)
  object space 216064K, 38% used [0x0000000080000000,0x0000000085057888,0x000000008d300000)
 Metaspace       used 98523K, capacity 103124K, committed 104232K, reserved 1138688K
  class space    used 12967K, capacity 13857K, committed 14128K, reserved 1048576K
GC Heap History (10 events):
Event: 93.269 GC heap before
{Heap before GC invocations=14 (full 3):
 PSYoungGen      total 488960K, used 488928K [0x00000000d5580000, 0x00000000f6380000, 0x0000000100000000)
  eden space 463872K, 100% used [0x00000000d5580000,0x00000000f1a80000,0x00000000f1a80000)
  from space 25088K, 99% used [0x00000000f4b00000,0x00000000f6378188,0x00000000f6380000)
  to   space 31744K, 0% used [0x00000000f2580000,0x00000000f2580000,0x00000000f4480000)
 ParOldGen       total 124416K, used 39862K [0x0000000080000000, 0x0000000087980000, 0x00000000d5580000)
  object space 124416K, 32% used [0x0000000080000000,0x00000000826ed9a0,0x0000000087980000)
 Metaspace       used 89469K, capacity 94622K, committed 94760K, reserved 1130496K
  class space    used 11890K, capacity 12833K, committed 12848K, reserved 1048576K
Event: 93.316 GC heap after
Heap after GC invocations=14 (full 3):
 PSYoungGen      total 506880K, used 31733K [0x00000000d5580000, 0x00000000fc080000, 0x0000000100000000)
  eden space 475136K, 0% used [0x00000000d5580000,0x00000000d5580000,0x00000000f2580000)
  from space 31744K, 99% used [0x00000000f2580000,0x00000000f447d5c0,0x00000000f4480000)
  to   space 44544K, 0% used [0x00000000f9500000,0x00000000f9500000,0x00000000fc080000)
 ParOldGen       total 124416K, used 60389K [0x0000000080000000, 0x0000000087980000, 0x00000000d5580000)
  object space 124416K, 48% used [0x0000000080000000,0x0000000083af9590,0x0000000087980000)
 Metaspace       used 89469K, capacity 94622K, committed 94760K, reserved 1130496K
  class space    used 11890K, capacity 12833K, committed 12848K, reserved 1048576K
}
Event: 93.926 GC heap before
{Heap before GC invocations=15 (full 3):
 PSYoungGen      total 506880K, used 115991K [0x00000000d5580000, 0x00000000fc080000, 0x0000000100000000)
  eden space 475136K, 17% used [0x00000000d5580000,0x00000000da7c87a8,0x00000000f2580000)
  from space 31744K, 99% used [0x00000000f2580000,0x00000000f447d5c0,0x00000000f4480000)
  to   space 44544K, 0% used [0x00000000f9500000,0x00000000f9500000,0x00000000fc080000)
 ParOldGen       total 124416K, used 60389K [0x0000000080000000, 0x0000000087980000, 0x00000000d5580000)
  object space 124416K, 48% used [0x0000000080000000,0x0000000083af9590,0x0000000087980000)
 Metaspace       used 93213K, capacity 98458K, committed 98600K, reserved 1134592K
  class space    used 12431K, capacity 13401K, committed 13488K, reserved 1048576K
Event: 93.975 GC heap after
Heap after GC invocations=15 (full 3):
 PSYoungGen      total 591872K, used 17665K [0x00000000d5580000, 0x00000000fec00000, 0x0000000100000000)
  eden space 547328K, 0% used [0x00000000d5580000,0x00000000d5580000,0x00000000f6c00000)
  from space 44544K, 39% used [0x00000000f9500000,0x00000000fa640780,0x00000000fc080000)
  to   space 41984K, 0% used [0x00000000f6c00000,0x00000000f6c00000,0x00000000f9500000)
 ParOldGen       total 124416K, used 91642K [0x0000000080000000, 0x0000000087980000, 0x00000000d5580000)
  object space 124416K, 73% used [0x0000000080000000,0x000000008597e950,0x0000000087980000)
 Metaspace       used 93213K, capacity 98458K, committed 98600K, reserved 1134592K
  class space    used 12431K, capacity 13401K, committed 13488K, reserved 1048576K
}
Event: 93.975 GC heap before
{Heap before GC invocations=16 (full 4):
 PSYoungGen      total 591872K, used 17665K [0x00000000d5580000, 0x00000000fec00000, 0x0000000100000000)
  eden space 547328K, 0% used [0x00000000d5580000,0x00000000d5580000,0x00000000f6c00000)
  from space 44544K, 39% used [0x00000000f9500000,0x00000000fa640780,0x00000000fc080000)
  to   space 41984K, 0% used [0x00000000f6c00000,0x00000000f6c00000,0x00000000f9500000)
 ParOldGen       total 124416K, used 91642K [0x0000000080000000, 0x0000000087980000, 0x00000000d5580000)
  object space 124416K, 73% used [0x0000000080000000,0x000000008597e950,0x0000000087980000)
 Metaspace       used 93213K, capacity 98458K, committed 98600K, reserved 1134592K
  class space    used 12431K, capacity 13401K, committed 13488K, reserved 1048576K
Event: 94.166 GC heap after
Heap after GC invocations=16 (full 4):
 PSYoungGen      total 591872K, used 0K [0x00000000d5580000, 0x00000000fec00000, 0x0000000100000000)
  eden space 547328K, 0% used [0x00000000d5580000,0x00000000d5580000,0x00000000f6c00000)
  from space 44544K, 0% used [0x00000000f9500000,0x00000000f9500000,0x00000000fc080000)
  to   space 41984K, 0% used [0x00000000f6c00000,0x00000000f6c00000,0x00000000f9500000)
 ParOldGen       total 216064K, used 82254K [0x0000000080000000, 0x000000008d300000, 0x00000000d5580000)
  object space 216064K, 38% used [0x0000000080000000,0x0000000085053888,0x000000008d300000)
 Metaspace       used 92693K, capacity 96952K, committed 98600K, reserved 1134592K
  class space    used 12261K, capacity 13100K, committed 13488K, reserved 1048576K
}
Event: 97.030 GC heap before
{Heap before GC invocations=17 (full 4):
 PSYoungGen      total 591872K, used 547328K [0x00000000d5580000, 0x00000000fec00000, 0x0000000100000000)
  eden space 547328K, 100% used [0x00000000d5580000,0x00000000f6c00000,0x00000000f6c00000)
  from space 44544K, 0% used [0x00000000f9500000,0x00000000f9500000,0x00000000fc080000)
  to   space 41984K, 0% used [0x00000000f6c00000,0x00000000f6c00000,0x00000000f9500000)
 ParOldGen       total 216064K, used 82254K [0x0000000080000000, 0x000000008d300000, 0x00000000d5580000)
  object space 216064K, 38% used [0x0000000080000000,0x0000000085053888,0x000000008d300000)
 Metaspace       used 98061K, capacity 102654K, committed 103976K, reserved 1138688K
  class space    used 12920K, capacity 13814K, committed 14128K, reserved 1048576K
Event: 97.044 GC heap after
Heap after GC invocations=17 (full 4):
 PSYoungGen      total 589312K, used 9542K [0x00000000d5580000, 0x00000000ffa80000, 0x0000000100000000)
  eden space 547328K, 0% used [0x00000000d5580000,0x00000000d5580000,0x00000000f6c00000)
  from space 41984K, 22% used [0x00000000f6c00000,0x00000000f7551880,0x00000000f9500000)
  to   space 40448K, 0% used [0x00000000fd300000,0x00000000fd300000,0x00000000ffa80000)
 ParOldGen       total 216064K, used 82262K [0x0000000080000000, 0x000000008d300000, 0x00000000d5580000)
  object space 216064K, 38% used [0x0000000080000000,0x0000000085055888,0x000000008d300000)
 Metaspace       used 98061K, capacity 102654K, committed 103976K, reserved 1138688K
  class space    used 12920K, capacity 13814K, committed 14128K, reserved 1048576K
}
Event: 99.774 GC heap before
{Heap before GC invocations=18 (full 4):
 PSYoungGen      total 589312K, used 556870K [0x00000000d5580000, 0x00000000ffa80000, 0x0000000100000000)
  eden space 547328K, 100% used [0x00000000d5580000,0x00000000f6c00000,0x00000000f6c00000)
  from space 41984K, 22% used [0x00000000f6c00000,0x00000000f7551880,0x00000000f9500000)
  to   space 40448K, 0% used [0x00000000fd300000,0x00000000fd300000,0x00000000ffa80000)
 ParOldGen       total 216064K, used 82262K [0x0000000080000000, 0x000000008d300000, 0x00000000d5580000)
  object space 216064K, 38% used [0x0000000080000000,0x0000000085055888,0x000000008d300000)
 Metaspace       used 98518K, capacity 103124K, committed 104232K, reserved 1138688K
  class space    used 12967K, capacity 13857K, committed 14128K, reserved 1048576K
Event: 99.793 GC heap after
Heap after GC invocations=18 (full 4):
 PSYoungGen      total 654848K, used 16040K [0x00000000d5580000, 0x00000000ffa80000, 0x0000000100000000)
  eden space 614400K, 0% used [0x00000000d5580000,0x00000000d5580000,0x00000000fad80000)
  from space 40448K, 39% used [0x00000000fd300000,0x00000000fe2aa070,0x00000000ffa80000)
  to   space 38400K, 0% used [0x00000000fad80000,0x00000000fad80000,0x00000000fd300000)
 ParOldGen       total 216064K, used 82270K [0x0000000080000000, 0x000000008d300000, 0x00000000d5580000)
  object space 216064K, 38% used [0x0000000080000000,0x0000000085057888,0x000000008d300000)
 Metaspace       used 98518K, capacity 103124K, committed 104232K, reserved 1138688K
  class space    used 12967K, capacity 13857K, committed 14128K, reserved 1048576K
}

