# JRE version: OpenJDK Runtime Environment (8.0_242-b01) (build 1.8.0_242-release-1644-b01)
# Java VM: OpenJDK 64-Bit Server VM (25.242-b01 mixed mode windows-amd64 compressed oops)
Heap:
 PSYoungGen      total 309248K, used 14077K [0x00000000eab00000, 0x00000000ffd80000, 0x0000000100000000)
  eden space 274944K, 2% used [0x00000000eab00000,0x00000000eb21f4c0,0x00000000fb780000)
  from space 34304K, 19% used [0x00000000fdc00000,0x00000000fe2a0010,0x00000000ffd80000)
  to   space 35840K, 0% used [0x00000000fb780000,0x00000000fb780000,0x00000000fda80000)
 ParOldGen       total 115712K, used 89311K [0x00000000c0000000, 0x00000000c7100000, 0x00000000eab00000)
  object space 115712K, 77% used [0x00000000c0000000,0x00000000c5737c98,0x00000000c7100000)
 Metaspace       used 79383K, capacity 84132K, committed 84376K, reserved 1122304K
  class space    used 10811K, capacity 11687K, committed 11696K, reserved 1048576K
GC Heap History (10 events):
Event: 20.080 GC heap before
{Heap before GC invocations=17 (full 3):
 PSYoungGen      total 238592K, used 238591K [0x00000000eab00000, 0x00000000fe900000, 0x0000000100000000)
  eden space 215040K, 100% used [0x00000000eab00000,0x00000000f7d00000,0x00000000f7d00000)
  from space 23552K, 99% used [0x00000000f7d00000,0x00000000f93ffeb0,0x00000000f9400000)
  to   space 30720K, 0% used [0x00000000fcb00000,0x00000000fcb00000,0x00000000fe900000)
 ParOldGen       total 115712K, used 48786K [0x00000000c0000000, 0x00000000c7100000, 0x00000000eab00000)
  object space 115712K, 42% used [0x00000000c0000000,0x00000000c2fa4898,0x00000000c7100000)
 Metaspace       used 75756K, capacity 80244K, committed 80408K, reserved 1118208K
  class space    used 10405K, capacity 11223K, committed 11312K, reserved 1048576K
Event: 20.159 GC heap after
Heap after GC invocations=17 (full 3):
 PSYoungGen      total 292864K, used 22455K [0x00000000eab00000, 0x00000000ff580000, 0x0000000100000000)
  eden space 262144K, 0% used [0x00000000eab00000,0x00000000eab00000,0x00000000fab00000)
  from space 30720K, 73% used [0x00000000fcb00000,0x00000000fe0edcf8,0x00000000fe900000)
  to   space 32768K, 0% used [0x00000000fab00000,0x00000000fab00000,0x00000000fcb00000)
 ParOldGen       total 115712K, used 70296K [0x00000000c0000000, 0x00000000c7100000, 0x00000000eab00000)
  object space 115712K, 60% used [0x00000000c0000000,0x00000000c44a6388,0x00000000c7100000)
 Metaspace       used 75756K, capacity 80244K, committed 80408K, reserved 1118208K
  class space    used 10405K, capacity 11223K, committed 11312K, reserved 1048576K
}
Event: 21.375 GC heap before
{Heap before GC invocations=18 (full 3):
 PSYoungGen      total 292864K, used 284599K [0x00000000eab00000, 0x00000000ff580000, 0x0000000100000000)
  eden space 262144K, 100% used [0x00000000eab00000,0x00000000fab00000,0x00000000fab00000)
  from space 30720K, 73% used [0x00000000fcb00000,0x00000000fe0edcf8,0x00000000fe900000)
  to   space 32768K, 0% used [0x00000000fab00000,0x00000000fab00000,0x00000000fcb00000)
 ParOldGen       total 115712K, used 70296K [0x00000000c0000000, 0x00000000c7100000, 0x00000000eab00000)
  object space 115712K, 60% used [0x00000000c0000000,0x00000000c44a6388,0x00000000c7100000)
 Metaspace       used 76886K, capacity 81488K, committed 81560K, reserved 1120256K
  class space    used 10538K, capacity 11403K, committed 11440K, reserved 1048576K
Event: 21.407 GC heap after
Heap after GC invocations=18 (full 3):
 PSYoungGen      total 294912K, used 24261K [0x00000000eab00000, 0x0000000100000000, 0x0000000100000000)
  eden space 262144K, 0% used [0x00000000eab00000,0x00000000eab00000,0x00000000fab00000)
  from space 32768K, 74% used [0x00000000fab00000,0x00000000fc2b1650,0x00000000fcb00000)
  to   space 34816K, 0% used [0x00000000fde00000,0x00000000fde00000,0x0000000100000000)
 ParOldGen       total 115712K, used 70304K [0x00000000c0000000, 0x00000000c7100000, 0x00000000eab00000)
  object space 115712K, 60% used [0x00000000c0000000,0x00000000c44a8388,0x00000000c7100000)
 Metaspace       used 76886K, capacity 81488K, committed 81560K, reserved 1120256K
  class space    used 10538K, capacity 11403K, committed 11440K, reserved 1048576K
}
Event: 22.172 GC heap before
{Heap before GC invocations=19 (full 3):
 PSYoungGen      total 294912K, used 286405K [0x00000000eab00000, 0x0000000100000000, 0x0000000100000000)
  eden space 262144K, 100% used [0x00000000eab00000,0x00000000fab00000,0x00000000fab00000)
  from space 32768K, 74% used [0x00000000fab00000,0x00000000fc2b1650,0x00000000fcb00000)
  to   space 34816K, 0% used [0x00000000fde00000,0x00000000fde00000,0x0000000100000000)
 ParOldGen       total 115712K, used 70304K [0x00000000c0000000, 0x00000000c7100000, 0x00000000eab00000)
  object space 115712K, 60% used [0x00000000c0000000,0x00000000c44a8388,0x00000000c7100000)
 Metaspace       used 78680K, capacity 83264K, committed 83608K, reserved 1122304K
  class space    used 10770K, capacity 11599K, committed 11696K, reserved 1048576K
Event: 22.214 GC heap after
Heap after GC invocations=19 (full 3):
 PSYoungGen      total 309248K, used 27591K [0x00000000eab00000, 0x0000000100000000, 0x0000000100000000)
  eden space 274432K, 0% used [0x00000000eab00000,0x00000000eab00000,0x00000000fb700000)
  from space 34816K, 79% used [0x00000000fde00000,0x00000000ff8f1ca8,0x0000000100000000)
  to   space 37376K, 0% used [0x00000000fb700000,0x00000000fb700000,0x00000000fdb80000)
 ParOldGen       total 115712K, used 70312K [0x00000000c0000000, 0x00000000c7100000, 0x00000000eab00000)
  object space 115712K, 60% used [0x00000000c0000000,0x00000000c44aa388,0x00000000c7100000)
 Metaspace       used 78680K, capacity 83264K, committed 83608K, reserved 1122304K
  class space    used 10770K, capacity 11599K, committed 11696K, reserved 1048576K
}
Event: 23.132 GC heap before
{Heap before GC invocations=20 (full 3):
 PSYoungGen      total 309248K, used 302023K [0x00000000eab00000, 0x0000000100000000, 0x0000000100000000)
  eden space 274432K, 100% used [0x00000000eab00000,0x00000000fb700000,0x00000000fb700000)
  from space 34816K, 79% used [0x00000000fde00000,0x00000000ff8f1ca8,0x0000000100000000)
  to   space 37376K, 0% used [0x00000000fb700000,0x00000000fb700000,0x00000000fdb80000)
 ParOldGen       total 115712K, used 70312K [0x00000000c0000000, 0x00000000c7100000, 0x00000000eab00000)
  object space 115712K, 60% used [0x00000000c0000000,0x00000000c44aa388,0x00000000c7100000)
 Metaspace       used 79234K, capacity 83908K, committed 84120K, reserved 1122304K
  class space    used 10811K, capacity 11687K, committed 11696K, reserved 1048576K
Event: 23.167 GC heap after
Heap after GC invocations=20 (full 3):
 PSYoungGen      total 311808K, used 8586K [0x00000000eab00000, 0x0000000100000000, 0x0000000100000000)
  eden space 274432K, 0% used [0x00000000eab00000,0x00000000eab00000,0x00000000fb700000)
  from space 37376K, 22% used [0x00000000fb700000,0x00000000fbf62868,0x00000000fdb80000)
  to   space 36864K, 0% used [0x00000000fdc00000,0x00000000fdc00000,0x0000000100000000)
 ParOldGen       total 115712K, used 87715K [0x00000000c0000000, 0x00000000c7100000, 0x00000000eab00000)
  object space 115712K, 75% used [0x00000000c0000000,0x00000000c55a8d20,0x00000000c7100000)
 Metaspace       used 79234K, capacity 83908K, committed 84120K, reserved 1122304K
  class space    used 10811K, capacity 11687K, committed 11696K, reserved 1048576K
}
Event: 24.478 GC heap before
{Heap before GC invocations=21 (full 3):
 PSYoungGen      total 311808K, used 283018K [0x00000000eab00000, 0x0000000100000000, 0x0000000100000000)
  eden space 274432K, 100% used [0x00000000eab00000,0x00000000fb700000,0x00000000fb700000)
  from space 37376K, 22% used [0x00000000fb700000,0x00000000fbf62868,0x00000000fdb80000)
  to   space 36864K, 0% used [0x00000000fdc00000,0x00000000fdc00000,0x0000000100000000)
 ParOldGen       total 115712K, used 87715K [0x00000000c0000000, 0x00000000c7100000, 0x00000000eab00000)
  object space 115712K, 75% used [0x00000000c0000000,0x00000000c55a8d20,0x00000000c7100000)
 Metaspace       used 79382K, capacity 84132K, committed 84376K, reserved 1122304K
  class space    used 10811K, capacity 11687K, committed 11696K, reserved 1048576K
Event: 24.490 GC heap after
Heap after GC invocations=21 (full 3):
 PSYoungGen      total 309248K, used 6784K [0x00000000eab00000, 0x00000000ffd80000, 0x0000000100000000)
  eden space 274944K, 0% used [0x00000000eab00000,0x00000000eab00000,0x00000000fb780000)
  from space 34304K, 19% used [0x00000000fdc00000,0x00000000fe2a0010,0x00000000ffd80000)
  to   space 35840K, 0% used [0x00000000fb780000,0x00000000fb780000,0x00000000fda80000)
 ParOldGen       total 115712K, used 89311K [0x00000000c0000000, 0x00000000c7100000, 0x00000000eab00000)
  object space 115712K, 77% used [0x00000000c0000000,0x00000000c5737c98,0x00000000c7100000)
 Metaspace       used 79382K, capacity 84132K, committed 84376K, reserved 1122304K
  class space    used 10811K, capacity 11687K, committed 11696K, reserved 1048576K
}

