# JRE version: OpenJDK Runtime Environment (8.0_242-b01) (build 1.8.0_242-release-1644-b01)
# Java VM: OpenJDK 64-Bit Server VM (25.242-b01 mixed mode windows-amd64 compressed oops)
Heap:
 PSYoungGen      total 192000K, used 111804K [0x00000000eab00000, 0x00000000f7600000, 0x0000000100000000)
  eden space 176128K, 63% used [0x00000000eab00000,0x00000000f182f008,0x00000000f5700000)
  from space 15872K, 0% used [0x00000000f5700000,0x00000000f5700000,0x00000000f6680000)
  to   space 13312K, 0% used [0x00000000f6800000,0x00000000f6800000,0x00000000f7500000)
 ParOldGen       total 109056K, used 39190K [0x00000000c0000000, 0x00000000c6a80000, 0x00000000eab00000)
  object space 109056K, 35% used [0x00000000c0000000,0x00000000c2645a48,0x00000000c6a80000)
 Metaspace       used 62893K, capacity 65996K, committed 66200K, reserved 1105920K
  class space    used 8707K, capacity 9343K, committed 9392K, reserved 1048576K
GC Heap History (10 events):
Event: 8.514 GC heap before
{Heap before GC invocations=10 (full 1):
 PSYoungGen      total 129024K, used 122127K [0x00000000eab00000, 0x00000000f3c80000, 0x0000000100000000)
  eden space 120320K, 94% used [0x00000000eab00000,0x00000000f1a41f80,0x00000000f2080000)
  from space 8704K, 94% used [0x00000000f3400000,0x00000000f3c01d30,0x00000000f3c80000)
  to   space 11264K, 0% used [0x00000000f2680000,0x00000000f2680000,0x00000000f3180000)
 ParOldGen       total 48128K, used 6975K [0x00000000c0000000, 0x00000000c2f00000, 0x00000000eab00000)
  object space 48128K, 14% used [0x00000000c0000000,0x00000000c06cff68,0x00000000c2f00000)
 Metaspace       used 34463K, capacity 35370K, committed 35496K, reserved 1079296K
  class space    used 4732K, capacity 4966K, committed 5040K, reserved 1048576K
Event: 8.530 GC heap after
Heap after GC invocations=10 (full 1):
 PSYoungGen      total 137728K, used 11245K [0x00000000eab00000, 0x00000000f7500000, 0x0000000100000000)
  eden space 126464K, 0% used [0x00000000eab00000,0x00000000eab00000,0x00000000f2680000)
  from space 11264K, 99% used [0x00000000f2680000,0x00000000f317b770,0x00000000f3180000)
  to   space 13312K, 0% used [0x00000000f6800000,0x00000000f6800000,0x00000000f7500000)
 ParOldGen       total 48128K, used 7871K [0x00000000c0000000, 0x00000000c2f00000, 0x00000000eab00000)
  object space 48128K, 16% used [0x00000000c0000000,0x00000000c07aff50,0x00000000c2f00000)
 Metaspace       used 34463K, capacity 35370K, committed 35496K, reserved 1079296K
  class space    used 4732K, capacity 4966K, committed 5040K, reserved 1048576K
}
Event: 8.530 GC heap before
{Heap before GC invocations=11 (full 2):
 PSYoungGen      total 137728K, used 11245K [0x00000000eab00000, 0x00000000f7500000, 0x0000000100000000)
  eden space 126464K, 0% used [0x00000000eab00000,0x00000000eab00000,0x00000000f2680000)
  from space 11264K, 99% used [0x00000000f2680000,0x00000000f317b770,0x00000000f3180000)
  to   space 13312K, 0% used [0x00000000f6800000,0x00000000f6800000,0x00000000f7500000)
 ParOldGen       total 48128K, used 7871K [0x00000000c0000000, 0x00000000c2f00000, 0x00000000eab00000)
  object space 48128K, 16% used [0x00000000c0000000,0x00000000c07aff50,0x00000000c2f00000)
 Metaspace       used 34463K, capacity 35370K, committed 35496K, reserved 1079296K
  class space    used 4732K, capacity 4966K, committed 5040K, reserved 1048576K
Event: 8.632 GC heap after
Heap after GC invocations=11 (full 2):
 PSYoungGen      total 137728K, used 0K [0x00000000eab00000, 0x00000000f7500000, 0x0000000100000000)
  eden space 126464K, 0% used [0x00000000eab00000,0x00000000eab00000,0x00000000f2680000)
  from space 11264K, 0% used [0x00000000f2680000,0x00000000f2680000,0x00000000f3180000)
  to   space 13312K, 0% used [0x00000000f6800000,0x00000000f6800000,0x00000000f7500000)
 ParOldGen       total 70656K, used 18529K [0x00000000c0000000, 0x00000000c4500000, 0x00000000eab00000)
  object space 70656K, 26% used [0x00000000c0000000,0x00000000c1218798,0x00000000c4500000)
 Metaspace       used 34463K, capacity 35370K, committed 35496K, reserved 1079296K
  class space    used 4732K, capacity 4966K, committed 5040K, reserved 1048576K
}
Event: 11.511 GC heap before
{Heap before GC invocations=12 (full 2):
 PSYoungGen      total 137728K, used 126464K [0x00000000eab00000, 0x00000000f7500000, 0x0000000100000000)
  eden space 126464K, 100% used [0x00000000eab00000,0x00000000f2680000,0x00000000f2680000)
  from space 11264K, 0% used [0x00000000f2680000,0x00000000f2680000,0x00000000f3180000)
  to   space 13312K, 0% used [0x00000000f6800000,0x00000000f6800000,0x00000000f7500000)
 ParOldGen       total 70656K, used 18529K [0x00000000c0000000, 0x00000000c4500000, 0x00000000eab00000)
  object space 70656K, 26% used [0x00000000c0000000,0x00000000c1218798,0x00000000c4500000)
 Metaspace       used 44447K, capacity 45910K, committed 46128K, reserved 1089536K
  class space    used 6015K, capacity 6359K, committed 6448K, reserved 1048576K
Event: 11.528 GC heap after
Heap after GC invocations=12 (full 2):
 PSYoungGen      total 189440K, used 13293K [0x00000000eab00000, 0x00000000f7600000, 0x0000000100000000)
  eden space 176128K, 0% used [0x00000000eab00000,0x00000000eab00000,0x00000000f5700000)
  from space 13312K, 99% used [0x00000000f6800000,0x00000000f74fb488,0x00000000f7500000)
  to   space 15872K, 0% used [0x00000000f5700000,0x00000000f5700000,0x00000000f6680000)
 ParOldGen       total 70656K, used 20645K [0x00000000c0000000, 0x00000000c4500000, 0x00000000eab00000)
  object space 70656K, 29% used [0x00000000c0000000,0x00000000c1429568,0x00000000c4500000)
 Metaspace       used 44447K, capacity 45910K, committed 46128K, reserved 1089536K
  class space    used 6015K, capacity 6359K, committed 6448K, reserved 1048576K
}
Event: 14.759 GC heap before
{Heap before GC invocations=13 (full 2):
 PSYoungGen      total 189440K, used 167554K [0x00000000eab00000, 0x00000000f7600000, 0x0000000100000000)
  eden space 176128K, 87% used [0x00000000eab00000,0x00000000f41a54a8,0x00000000f5700000)
  from space 13312K, 99% used [0x00000000f6800000,0x00000000f74fb488,0x00000000f7500000)
  to   space 15872K, 0% used [0x00000000f5700000,0x00000000f5700000,0x00000000f6680000)
 ParOldGen       total 70656K, used 20645K [0x00000000c0000000, 0x00000000c4500000, 0x00000000eab00000)
  object space 70656K, 29% used [0x00000000c0000000,0x00000000c1429568,0x00000000c4500000)
 Metaspace       used 57053K, capacity 59128K, committed 59160K, reserved 1099776K
  class space    used 7751K, capacity 8211K, committed 8240K, reserved 1048576K
Event: 14.787 GC heap after
Heap after GC invocations=13 (full 2):
 PSYoungGen      total 192000K, used 15847K [0x00000000eab00000, 0x00000000f7600000, 0x0000000100000000)
  eden space 176128K, 0% used [0x00000000eab00000,0x00000000eab00000,0x00000000f5700000)
  from space 15872K, 99% used [0x00000000f5700000,0x00000000f6679d38,0x00000000f6680000)
  to   space 13312K, 0% used [0x00000000f6800000,0x00000000f6800000,0x00000000f7500000)
 ParOldGen       total 70656K, used 31977K [0x00000000c0000000, 0x00000000c4500000, 0x00000000eab00000)
  object space 70656K, 45% used [0x00000000c0000000,0x00000000c1f3a570,0x00000000c4500000)
 Metaspace       used 57053K, capacity 59128K, committed 59160K, reserved 1099776K
  class space    used 7751K, capacity 8211K, committed 8240K, reserved 1048576K
}
Event: 14.787 GC heap before
{Heap before GC invocations=14 (full 3):
 PSYoungGen      total 192000K, used 15847K [0x00000000eab00000, 0x00000000f7600000, 0x0000000100000000)
  eden space 176128K, 0% used [0x00000000eab00000,0x00000000eab00000,0x00000000f5700000)
  from space 15872K, 99% used [0x00000000f5700000,0x00000000f6679d38,0x00000000f6680000)
  to   space 13312K, 0% used [0x00000000f6800000,0x00000000f6800000,0x00000000f7500000)
 ParOldGen       total 70656K, used 31977K [0x00000000c0000000, 0x00000000c4500000, 0x00000000eab00000)
  object space 70656K, 45% used [0x00000000c0000000,0x00000000c1f3a570,0x00000000c4500000)
 Metaspace       used 57053K, capacity 59128K, committed 59160K, reserved 1099776K
  class space    used 7751K, capacity 8211K, committed 8240K, reserved 1048576K
Event: 15.061 GC heap after
Heap after GC invocations=14 (full 3):
 PSYoungGen      total 192000K, used 0K [0x00000000eab00000, 0x00000000f7600000, 0x0000000100000000)
  eden space 176128K, 0% used [0x00000000eab00000,0x00000000eab00000,0x00000000f5700000)
  from space 15872K, 0% used [0x00000000f5700000,0x00000000f5700000,0x00000000f6680000)
  to   space 13312K, 0% used [0x00000000f6800000,0x00000000f6800000,0x00000000f7500000)
 ParOldGen       total 109056K, used 39190K [0x00000000c0000000, 0x00000000c6a80000, 0x00000000eab00000)
  object space 109056K, 35% used [0x00000000c0000000,0x00000000c2645a48,0x00000000c6a80000)
 Metaspace       used 57032K, capacity 59056K, committed 59160K, reserved 1099776K
  class space    used 7745K, capacity 8199K, committed 8240K, reserved 1048576K
}

