# JRE version: OpenJDK Runtime Environment (8.0_242-b01) (build 1.8.0_242-release-1644-b01)
# Java VM: OpenJDK 64-Bit Server VM (25.242-b01 mixed mode windows-amd64 compressed oops)
Heap:
 PSYoungGen      total 37888K, used 8327K [0x00000000d6180000, 0x00000000d8b80000, 0x0000000100000000)
  eden space 32768K, 9% used [0x00000000d6180000,0x00000000d64a97a8,0x00000000d8180000)
  from space 5120K, 99% used [0x00000000d8680000,0x00000000d8b787e0,0x00000000d8b80000)
  to   space 5120K, 0% used [0x00000000d8180000,0x00000000d8180000,0x00000000d8680000)
 ParOldGen       total 66048K, used 11561K [0x0000000082400000, 0x0000000086480000, 0x00000000d6180000)
  object space 66048K, 17% used [0x0000000082400000,0x0000000082f4a6c0,0x0000000086480000)
 Metaspace       used 25341K, capacity 25774K, committed 26032K, reserved 1073152K
  class space    used 2999K, capacity 3154K, committed 3248K, reserved 1048576K
GC Heap History (10 events):
Event: 0.580 GC heap before
{Heap before GC invocations=1 (full 0):
 PSYoungGen      total 37888K, used 32768K [0x00000000d6180000, 0x00000000d8b80000, 0x0000000100000000)
  eden space 32768K, 100% used [0x00000000d6180000,0x00000000d8180000,0x00000000d8180000)
  from space 5120K, 0% used [0x00000000d8680000,0x00000000d8680000,0x00000000d8b80000)
  to   space 5120K, 0% used [0x00000000d8180000,0x00000000d8180000,0x00000000d8680000)
 ParOldGen       total 86016K, used 0K [0x0000000082400000, 0x0000000087800000, 0x00000000d6180000)
  object space 86016K, 0% used [0x0000000082400000,0x0000000082400000,0x0000000087800000)
 Metaspace       used 10237K, capacity 10396K, committed 10624K, reserved 1058816K
  class space    used 1080K, capacity 1148K, committed 1152K, reserved 1048576K
Event: 0.586 GC heap after
Heap after GC invocations=1 (full 0):
 PSYoungGen      total 37888K, used 5102K [0x00000000d6180000, 0x00000000d8b80000, 0x0000000100000000)
  eden space 32768K, 0% used [0x00000000d6180000,0x00000000d6180000,0x00000000d8180000)
  from space 5120K, 99% used [0x00000000d8180000,0x00000000d867bae8,0x00000000d8680000)
  to   space 5120K, 0% used [0x00000000d8680000,0x00000000d8680000,0x00000000d8b80000)
 ParOldGen       total 86016K, used 2464K [0x0000000082400000, 0x0000000087800000, 0x00000000d6180000)
  object space 86016K, 2% used [0x0000000082400000,0x0000000082668350,0x0000000087800000)
 Metaspace       used 10237K, capacity 10396K, committed 10624K, reserved 1058816K
  class space    used 1080K, capacity 1148K, committed 1152K, reserved 1048576K
}
Event: 1.024 GC heap before
{Heap before GC invocations=2 (full 0):
 PSYoungGen      total 37888K, used 37870K [0x00000000d6180000, 0x00000000d8b80000, 0x0000000100000000)
  eden space 32768K, 100% used [0x00000000d6180000,0x00000000d8180000,0x00000000d8180000)
  from space 5120K, 99% used [0x00000000d8180000,0x00000000d867bae8,0x00000000d8680000)
  to   space 5120K, 0% used [0x00000000d8680000,0x00000000d8680000,0x00000000d8b80000)
 ParOldGen       total 86016K, used 2464K [0x0000000082400000, 0x0000000087800000, 0x00000000d6180000)
  object space 86016K, 2% used [0x0000000082400000,0x0000000082668350,0x0000000087800000)
 Metaspace       used 15958K, capacity 16322K, committed 16512K, reserved 1064960K
  class space    used 1828K, capacity 1913K, committed 1920K, reserved 1048576K
Event: 1.031 GC heap after
Heap after GC invocations=2 (full 0):
 PSYoungGen      total 37888K, used 5088K [0x00000000d6180000, 0x00000000d8b80000, 0x0000000100000000)
  eden space 32768K, 0% used [0x00000000d6180000,0x00000000d6180000,0x00000000d8180000)
  from space 5120K, 99% used [0x00000000d8680000,0x00000000d8b78020,0x00000000d8b80000)
  to   space 5120K, 0% used [0x00000000d8180000,0x00000000d8180000,0x00000000d8680000)
 ParOldGen       total 86016K, used 7464K [0x0000000082400000, 0x0000000087800000, 0x00000000d6180000)
  object space 86016K, 8% used [0x0000000082400000,0x0000000082b4a158,0x0000000087800000)
 Metaspace       used 15958K, capacity 16322K, committed 16512K, reserved 1064960K
  class space    used 1828K, capacity 1913K, committed 1920K, reserved 1048576K
}
Event: 1.314 GC heap before
{Heap before GC invocations=3 (full 0):
 PSYoungGen      total 37888K, used 24339K [0x00000000d6180000, 0x00000000d8b80000, 0x0000000100000000)
  eden space 32768K, 58% used [0x00000000d6180000,0x00000000d744cc80,0x00000000d8180000)
  from space 5120K, 99% used [0x00000000d8680000,0x00000000d8b78020,0x00000000d8b80000)
  to   space 5120K, 0% used [0x00000000d8180000,0x00000000d8180000,0x00000000d8680000)
 ParOldGen       total 86016K, used 7464K [0x0000000082400000, 0x0000000087800000, 0x00000000d6180000)
  object space 86016K, 8% used [0x0000000082400000,0x0000000082b4a158,0x0000000087800000)
 Metaspace       used 20803K, capacity 21236K, committed 21296K, reserved 1069056K
  class space    used 2416K, capacity 2590K, committed 2608K, reserved 1048576K
Event: 1.320 GC heap after
Heap after GC invocations=3 (full 0):
 PSYoungGen      total 37888K, used 5108K [0x00000000d6180000, 0x00000000d8b80000, 0x0000000100000000)
  eden space 32768K, 0% used [0x00000000d6180000,0x00000000d6180000,0x00000000d8180000)
  from space 5120K, 99% used [0x00000000d8180000,0x00000000d867d030,0x00000000d8680000)
  to   space 5120K, 0% used [0x00000000d8680000,0x00000000d8680000,0x00000000d8b80000)
 ParOldGen       total 86016K, used 11623K [0x0000000082400000, 0x0000000087800000, 0x00000000d6180000)
  object space 86016K, 13% used [0x0000000082400000,0x0000000082f59eb0,0x0000000087800000)
 Metaspace       used 20803K, capacity 21236K, committed 21296K, reserved 1069056K
  class space    used 2416K, capacity 2590K, committed 2608K, reserved 1048576K
}
Event: 1.320 GC heap before
{Heap before GC invocations=4 (full 1):
 PSYoungGen      total 37888K, used 5108K [0x00000000d6180000, 0x00000000d8b80000, 0x0000000100000000)
  eden space 32768K, 0% used [0x00000000d6180000,0x00000000d6180000,0x00000000d8180000)
  from space 5120K, 99% used [0x00000000d8180000,0x00000000d867d030,0x00000000d8680000)
  to   space 5120K, 0% used [0x00000000d8680000,0x00000000d8680000,0x00000000d8b80000)
 ParOldGen       total 86016K, used 11623K [0x0000000082400000, 0x0000000087800000, 0x00000000d6180000)
  object space 86016K, 13% used [0x0000000082400000,0x0000000082f59eb0,0x0000000087800000)
 Metaspace       used 20803K, capacity 21236K, committed 21296K, reserved 1069056K
  class space    used 2416K, capacity 2590K, committed 2608K, reserved 1048576K
Event: 1.345 GC heap after
Heap after GC invocations=4 (full 1):
 PSYoungGen      total 37888K, used 0K [0x00000000d6180000, 0x00000000d8b80000, 0x0000000100000000)
  eden space 32768K, 0% used [0x00000000d6180000,0x00000000d6180000,0x00000000d8180000)
  from space 5120K, 0% used [0x00000000d8180000,0x00000000d8180000,0x00000000d8680000)
  to   space 5120K, 0% used [0x00000000d8680000,0x00000000d8680000,0x00000000d8b80000)
 ParOldGen       total 66048K, used 9077K [0x0000000082400000, 0x0000000086480000, 0x00000000d6180000)
  object space 66048K, 13% used [0x0000000082400000,0x0000000082cdd618,0x0000000086480000)
 Metaspace       used 20803K, capacity 21236K, committed 21296K, reserved 1069056K
  class space    used 2416K, capacity 2590K, committed 2608K, reserved 1048576K
}
Event: 1.826 GC heap before
{Heap before GC invocations=5 (full 1):
 PSYoungGen      total 37888K, used 32768K [0x00000000d6180000, 0x00000000d8b80000, 0x0000000100000000)
  eden space 32768K, 100% used [0x00000000d6180000,0x00000000d8180000,0x00000000d8180000)
  from space 5120K, 0% used [0x00000000d8180000,0x00000000d8180000,0x00000000d8680000)
  to   space 5120K, 0% used [0x00000000d8680000,0x00000000d8680000,0x00000000d8b80000)
 ParOldGen       total 66048K, used 9077K [0x0000000082400000, 0x0000000086480000, 0x00000000d6180000)
  object space 66048K, 13% used [0x0000000082400000,0x0000000082cdd618,0x0000000086480000)
 Metaspace       used 25075K, capacity 25486K, committed 25776K, reserved 1071104K
  class space    used 2970K, capacity 3122K, committed 3248K, reserved 1048576K
Event: 1.835 GC heap after
Heap after GC invocations=5 (full 1):
 PSYoungGen      total 37888K, used 5089K [0x00000000d6180000, 0x00000000d8b80000, 0x0000000100000000)
  eden space 32768K, 0% used [0x00000000d6180000,0x00000000d6180000,0x00000000d8180000)
  from space 5120K, 99% used [0x00000000d8680000,0x00000000d8b787e0,0x00000000d8b80000)
  to   space 5120K, 0% used [0x00000000d8180000,0x00000000d8180000,0x00000000d8680000)
 ParOldGen       total 66048K, used 11561K [0x0000000082400000, 0x0000000086480000, 0x00000000d6180000)
  object space 66048K, 17% used [0x0000000082400000,0x0000000082f4a6c0,0x0000000086480000)
 Metaspace       used 25075K, capacity 25486K, committed 25776K, reserved 1071104K
  class space    used 2970K, capacity 3122K, committed 3248K, reserved 1048576K
}

