# JRE version: OpenJDK Runtime Environment (8.0_242-b01) (build 1.8.0_242-release-1644-b01)
# Java VM: OpenJDK 64-Bit Server VM (25.242-b01 mixed mode windows-amd64 compressed oops)
Heap:
 PSYoungGen      total 311808K, used 60431K [0x00000000eab00000, 0x0000000100000000, 0x0000000100000000)
  eden space 280576K, 10% used [0x00000000eab00000,0x00000000ec8eb218,0x00000000fbd00000)
  from space 31232K, 95% used [0x00000000fe080000,0x00000000ffd98ca0,0x00000000fff00000)
  to   space 34304K, 0% used [0x00000000fbd00000,0x00000000fbd00000,0x00000000fde80000)
 ParOldGen       total 118272K, used 81353K [0x00000000c0000000, 0x00000000c7380000, 0x00000000eab00000)
  object space 118272K, 68% used [0x00000000c0000000,0x00000000c4f72458,0x00000000c7380000)
 Metaspace       used 76488K, capacity 81130K, committed 81432K, reserved 1120256K
  class space    used 10419K, capacity 11254K, committed 11312K, reserved 1048576K
GC Heap History (10 events):
Event: 23.062 GC heap before
{Heap before GC invocations=25 (full 3):
 PSYoungGen      total 316416K, used 307463K [0x00000000eab00000, 0x0000000100000000, 0x0000000100000000)
  eden space 285184K, 100% used [0x00000000eab00000,0x00000000fc180000,0x00000000fc180000)
  from space 31232K, 71% used [0x00000000fc180000,0x00000000fd741d28,0x00000000fe000000)
  to   space 32256K, 0% used [0x00000000fe080000,0x00000000fe080000,0x0000000100000000)
 ParOldGen       total 118272K, used 81321K [0x00000000c0000000, 0x00000000c7380000, 0x00000000eab00000)
  object space 118272K, 68% used [0x00000000c0000000,0x00000000c4f6a458,0x00000000c7380000)
 Metaspace       used 76349K, capacity 81006K, committed 81176K, reserved 1120256K
  class space    used 10416K, capacity 11248K, committed 11312K, reserved 1048576K
Event: 23.083 GC heap after
Heap after GC invocations=25 (full 3):
 PSYoungGen      total 317440K, used 18650K [0x00000000eab00000, 0x0000000100000000, 0x0000000100000000)
  eden space 285184K, 0% used [0x00000000eab00000,0x00000000eab00000,0x00000000fc180000)
  from space 32256K, 57% used [0x00000000fe080000,0x00000000ff2b6808,0x0000000100000000)
  to   space 31744K, 0% used [0x00000000fc180000,0x00000000fc180000,0x00000000fe080000)
 ParOldGen       total 118272K, used 81329K [0x00000000c0000000, 0x00000000c7380000, 0x00000000eab00000)
  object space 118272K, 68% used [0x00000000c0000000,0x00000000c4f6c458,0x00000000c7380000)
 Metaspace       used 76349K, capacity 81006K, committed 81176K, reserved 1120256K
  class space    used 10416K, capacity 11248K, committed 11312K, reserved 1048576K
}
Event: 23.862 GC heap before
{Heap before GC invocations=26 (full 3):
 PSYoungGen      total 317440K, used 303834K [0x00000000eab00000, 0x0000000100000000, 0x0000000100000000)
  eden space 285184K, 100% used [0x00000000eab00000,0x00000000fc180000,0x00000000fc180000)
  from space 32256K, 57% used [0x00000000fe080000,0x00000000ff2b6808,0x0000000100000000)
  to   space 31744K, 0% used [0x00000000fc180000,0x00000000fc180000,0x00000000fe080000)
 ParOldGen       total 118272K, used 81329K [0x00000000c0000000, 0x00000000c7380000, 0x00000000eab00000)
  object space 118272K, 68% used [0x00000000c0000000,0x00000000c4f6c458,0x00000000c7380000)
 Metaspace       used 76354K, capacity 81006K, committed 81176K, reserved 1120256K
  class space    used 10416K, capacity 11248K, committed 11312K, reserved 1048576K
Event: 23.893 GC heap after
Heap after GC invocations=26 (full 3):
 PSYoungGen      total 316928K, used 22481K [0x00000000eab00000, 0x0000000100000000, 0x0000000100000000)
  eden space 285184K, 0% used [0x00000000eab00000,0x00000000eab00000,0x00000000fc180000)
  from space 31744K, 70% used [0x00000000fc180000,0x00000000fd774750,0x00000000fe080000)
  to   space 32256K, 0% used [0x00000000fe080000,0x00000000fe080000,0x0000000100000000)
 ParOldGen       total 118272K, used 81329K [0x00000000c0000000, 0x00000000c7380000, 0x00000000eab00000)
  object space 118272K, 68% used [0x00000000c0000000,0x00000000c4f6c458,0x00000000c7380000)
 Metaspace       used 76354K, capacity 81006K, committed 81176K, reserved 1120256K
  class space    used 10416K, capacity 11248K, committed 11312K, reserved 1048576K
}
Event: 24.703 GC heap before
{Heap before GC invocations=27 (full 3):
 PSYoungGen      total 316928K, used 307665K [0x00000000eab00000, 0x0000000100000000, 0x0000000100000000)
  eden space 285184K, 100% used [0x00000000eab00000,0x00000000fc180000,0x00000000fc180000)
  from space 31744K, 70% used [0x00000000fc180000,0x00000000fd774750,0x00000000fe080000)
  to   space 32256K, 0% used [0x00000000fe080000,0x00000000fe080000,0x0000000100000000)
 ParOldGen       total 118272K, used 81329K [0x00000000c0000000, 0x00000000c7380000, 0x00000000eab00000)
  object space 118272K, 68% used [0x00000000c0000000,0x00000000c4f6c458,0x00000000c7380000)
 Metaspace       used 76422K, capacity 81030K, committed 81176K, reserved 1120256K
  class space    used 10417K, capacity 11250K, committed 11312K, reserved 1048576K
Event: 24.728 GC heap after
Heap after GC invocations=27 (full 3):
 PSYoungGen      total 316928K, used 19899K [0x00000000eab00000, 0x00000000fff80000, 0x0000000100000000)
  eden space 285184K, 0% used [0x00000000eab00000,0x00000000eab00000,0x00000000fc180000)
  from space 31744K, 62% used [0x00000000fe080000,0x00000000ff3eef90,0x00000000fff80000)
  to   space 31744K, 0% used [0x00000000fc180000,0x00000000fc180000,0x00000000fe080000)
 ParOldGen       total 118272K, used 81337K [0x00000000c0000000, 0x00000000c7380000, 0x00000000eab00000)
  object space 118272K, 68% used [0x00000000c0000000,0x00000000c4f6e458,0x00000000c7380000)
 Metaspace       used 76422K, capacity 81030K, committed 81176K, reserved 1120256K
  class space    used 10417K, capacity 11250K, committed 11312K, reserved 1048576K
}
Event: 25.522 GC heap before
{Heap before GC invocations=28 (full 3):
 PSYoungGen      total 316928K, used 304986K [0x00000000eab00000, 0x00000000fff80000, 0x0000000100000000)
  eden space 285184K, 99% used [0x00000000eab00000,0x00000000fc167b08,0x00000000fc180000)
  from space 31744K, 62% used [0x00000000fe080000,0x00000000ff3eef90,0x00000000fff80000)
  to   space 31744K, 0% used [0x00000000fc180000,0x00000000fc180000,0x00000000fe080000)
 ParOldGen       total 118272K, used 81337K [0x00000000c0000000, 0x00000000c7380000, 0x00000000eab00000)
  object space 118272K, 68% used [0x00000000c0000000,0x00000000c4f6e458,0x00000000c7380000)
 Metaspace       used 76475K, capacity 81126K, committed 81432K, reserved 1120256K
  class space    used 10419K, capacity 11254K, committed 11312K, reserved 1048576K
Event: 25.553 GC heap after
Heap after GC invocations=28 (full 3):
 PSYoungGen      total 316928K, used 19143K [0x00000000eab00000, 0x00000000fff00000, 0x0000000100000000)
  eden space 285184K, 0% used [0x00000000eab00000,0x00000000eab00000,0x00000000fc180000)
  from space 31744K, 60% used [0x00000000fc180000,0x00000000fd431fa8,0x00000000fe080000)
  to   space 31232K, 0% used [0x00000000fe080000,0x00000000fe080000,0x00000000fff00000)
 ParOldGen       total 118272K, used 81345K [0x00000000c0000000, 0x00000000c7380000, 0x00000000eab00000)
  object space 118272K, 68% used [0x00000000c0000000,0x00000000c4f70458,0x00000000c7380000)
 Metaspace       used 76475K, capacity 81126K, committed 81432K, reserved 1120256K
  class space    used 10419K, capacity 11254K, committed 11312K, reserved 1048576K
}
Event: 26.335 GC heap before
{Heap before GC invocations=29 (full 3):
 PSYoungGen      total 316928K, used 304327K [0x00000000eab00000, 0x00000000fff00000, 0x0000000100000000)
  eden space 285184K, 100% used [0x00000000eab00000,0x00000000fc180000,0x00000000fc180000)
  from space 31744K, 60% used [0x00000000fc180000,0x00000000fd431fa8,0x00000000fe080000)
  to   space 31232K, 0% used [0x00000000fe080000,0x00000000fe080000,0x00000000fff00000)
 ParOldGen       total 118272K, used 81345K [0x00000000c0000000, 0x00000000c7380000, 0x00000000eab00000)
  object space 118272K, 68% used [0x00000000c0000000,0x00000000c4f70458,0x00000000c7380000)
 Metaspace       used 76488K, capacity 81130K, committed 81432K, reserved 1120256K
  class space    used 10419K, capacity 11254K, committed 11312K, reserved 1048576K
Event: 26.403 GC heap after
Heap after GC invocations=29 (full 3):
 PSYoungGen      total 311808K, used 29795K [0x00000000eab00000, 0x0000000100000000, 0x0000000100000000)
  eden space 280576K, 0% used [0x00000000eab00000,0x00000000eab00000,0x00000000fbd00000)
  from space 31232K, 95% used [0x00000000fe080000,0x00000000ffd98ca0,0x00000000fff00000)
  to   space 34304K, 0% used [0x00000000fbd00000,0x00000000fbd00000,0x00000000fde80000)
 ParOldGen       total 118272K, used 81353K [0x00000000c0000000, 0x00000000c7380000, 0x00000000eab00000)
  object space 118272K, 68% used [0x00000000c0000000,0x00000000c4f72458,0x00000000c7380000)
 Metaspace       used 76488K, capacity 81130K, committed 81432K, reserved 1120256K
  class space    used 10419K, capacity 11254K, committed 11312K, reserved 1048576K
}

